<?xml version="1.0" encoding="UTF-8"?>
<!-- Generated by org.testng.reporters.JUnitReportReporter -->
<testsuite hostname="LAPTOP-GEDE" failures="0" tests="1" name="test.FlightsTest" time="38.334" errors="0" timestamp="27 Dec 2023 13:30:59 GMT" skipped="0">
  <testcase classname="test.FlightsTest" name="ExtractValue" time="38.334"/>
</testsuite> <!-- test.FlightsTest -->
